LOG:  database system was shut down at 2016-04-18 12:38:42 PDT
LOG:  MultiXact member wraparound protections are now enabled
LOG:  database system is ready to accept connections
LOG:  autovacuum launcher started
LOG:  incomplete startup packet
LOG:  received fast shutdown request
LOG:  aborting any active transactions
LOG:  autovacuum launcher shutting down
LOG:  shutting down
LOG:  database system is shut down
LOG:  database system was shut down at 2016-04-18 12:38:56 PDT
LOG:  MultiXact member wraparound protections are now enabled
LOG:  database system is ready to accept connections
LOG:  autovacuum launcher started
LOG:  received fast shutdown request
LOG:  aborting any active transactions
LOG:  autovacuum launcher shutting down
LOG:  shutting down
LOG:  database system is shut down
LOG:  database system was shut down at 2016-04-18 20:27:08 PDT
LOG:  MultiXact member wraparound protections are now enabled
LOG:  database system is ready to accept connections
LOG:  autovacuum launcher started
FATAL:  password authentication failed for user "zaxecivobuny"
DETAIL:  Connection matched pg_hba.conf line 84: "local   all             all                                     md5"
LOG:  autovacuum launcher shutting down
LOG:  received smart shutdown request
LOG:  shutting down
LOG:  database system is shut down
