160418 12:44:25 mysqld_safe Starting mysqld.bin daemon with databases from /Users/zaxecivobuny/first_django/bin/mysql/data
160418 12:44:25 [Note] Plugin 'FEDERATED' is disabled.
160418 12:44:25 InnoDB: The InnoDB memory heap is disabled
160418 12:44:25 InnoDB: Mutexes and rw_locks use GCC atomic builtins
160418 12:44:25 InnoDB: Compressed tables use zlib 1.2.3
160418 12:44:25 InnoDB: Initializing buffer pool, size = 128.0M
160418 12:44:25 InnoDB: Completed initialization of buffer pool
InnoDB: The first specified data file ./ibdata1 did not exist:
InnoDB: a new database to be created!
160418 12:44:25  InnoDB: Setting file ./ibdata1 size to 10 MB
InnoDB: Database physically writes the file full: wait...
160418 12:44:25  InnoDB: Log file ./ib_logfile0 did not exist: new to be created
InnoDB: Setting log file ./ib_logfile0 size to 5 MB
InnoDB: Database physically writes the file full: wait...
160418 12:44:25  InnoDB: Log file ./ib_logfile1 did not exist: new to be created
InnoDB: Setting log file ./ib_logfile1 size to 5 MB
InnoDB: Database physically writes the file full: wait...
InnoDB: Doublewrite buffer not found: creating new
InnoDB: Doublewrite buffer created
InnoDB: 127 rollback segment(s) active.
InnoDB: Creating foreign key constraint system tables
InnoDB: Foreign key constraint system tables created
160418 12:44:25  InnoDB: Waiting for the background threads to start
160418 12:44:26 InnoDB: 5.5.40 started; log sequence number 0
160418 12:44:26 [Note] Server hostname (bind-address): '127.0.0.1'; port: 3307
160418 12:44:26 [Note]   - '127.0.0.1' resolves to '127.0.0.1';
160418 12:44:26 [Note] Server socket created on IP: '127.0.0.1'.
160418 12:44:26 [Note] Event Scheduler: Loaded 0 events
160418 12:44:26 [Note] /Users/zaxecivobuny/first_django/bin/mysql/bin/mysqld.bin: ready for connections.
Version: '5.5.40'  socket: '/Users/zaxecivobuny/first_django/bin/mysql/tmp/mysql.sock'  port: 3307  MySQL Community Server (GPL)
160418 20:26:56 [Note] /Users/zaxecivobuny/first_django/bin/mysql/bin/mysqld.bin: Normal shutdown

160418 20:26:56 [Note] Event Scheduler: Purging the queue. 0 events
160418 20:26:56  InnoDB: Starting shutdown...
160418 20:26:56  InnoDB: Shutdown completed; log sequence number 1595675
160418 20:26:56 [Note] /Users/zaxecivobuny/first_django/bin/mysql/bin/mysqld.bin: Shutdown complete

160418 20:26:56 mysqld_safe mysqld from pid file /Users/zaxecivobuny/first_django/bin/mysql/data/mysqld.pid ended
160418 20:27:01 mysqld_safe Starting mysqld.bin daemon with databases from /Users/zaxecivobuny/first_django/bin/mysql/data
160418 20:27:01 [Note] Plugin 'FEDERATED' is disabled.
160418 20:27:01 InnoDB: The InnoDB memory heap is disabled
160418 20:27:01 InnoDB: Mutexes and rw_locks use GCC atomic builtins
160418 20:27:01 InnoDB: Compressed tables use zlib 1.2.3
160418 20:27:01 InnoDB: Initializing buffer pool, size = 128.0M
160418 20:27:01 InnoDB: Completed initialization of buffer pool
160418 20:27:01 InnoDB: highest supported file format is Barracuda.
160418 20:27:01  InnoDB: Waiting for the background threads to start
160418 20:27:02 InnoDB: 5.5.40 started; log sequence number 1595675
160418 20:27:02 [Note] Server hostname (bind-address): '127.0.0.1'; port: 3307
160418 20:27:02 [Note]   - '127.0.0.1' resolves to '127.0.0.1';
160418 20:27:02 [Note] Server socket created on IP: '127.0.0.1'.
160418 20:27:02 [Note] Event Scheduler: Loaded 0 events
160418 20:27:02 [Note] /Users/zaxecivobuny/first_django/bin/mysql/bin/mysqld.bin: ready for connections.
Version: '5.5.40'  socket: '/Users/zaxecivobuny/first_django/bin/mysql/tmp/mysql.sock'  port: 3307  MySQL Community Server (GPL)
160420 12:50:05 [Note] /Users/zaxecivobuny/first_django/bin/mysql/bin/mysqld.bin: Normal shutdown

160420 12:50:05 [Note] Event Scheduler: Purging the queue. 0 events
160420 12:50:06  InnoDB: Starting shutdown...
160420 12:50:06  InnoDB: Shutdown completed; log sequence number 1595675
160420 12:50:06 [Note] /Users/zaxecivobuny/first_django/bin/mysql/bin/mysqld.bin: Shutdown complete

160420 12:50:06 mysqld_safe mysqld from pid file /Users/zaxecivobuny/first_django/bin/mysql/data/mysqld.pid ended
